2023-05-18 18:00:28.614+0000 [main]  INFO [swag-home,,] 1 --- [c.e.swaghome.SwagHomeApplicationKt      ] : The following 1 profile is active: "test"
2023-05-18 18:00:37.300+0000 [main]  INFO [swag-home,,] 1 --- [.s.d.r.c.RepositoryConfigurationDelegate] : Bootstrapping Spring Data MongoDB repositories in DEFAULT mode.
2023-05-18 18:00:37.979+0000 [main]  INFO [swag-home,,] 1 --- [.s.d.r.c.RepositoryConfigurationDelegate] : Finished Spring Data repository scanning in 651 ms. Found 1 MongoDB repository interfaces.
2023-05-18 18:00:39.849+0000 [main]  INFO [swag-home,,] 1 --- [o.s.cloud.context.scope.GenericScope    ] : BeanFactory id=c4ff6671-d61a-31b4-8bdb-c30b8b32c30b
2023-05-18 18:00:43.849+0000 [main]  INFO [swag-home,,] 1 --- [o.s.b.w.embedded.tomcat.TomcatWebServer ] : Tomcat initialized with port(s): 9038 (http)
2023-05-18 18:00:43.918+0000 [main]  INFO [swag-home,,] 1 --- [o.apache.catalina.core.StandardService  ] : Starting service [Tomcat]
2023-05-18 18:00:43.919+0000 [main]  INFO [swag-home,,] 1 --- [org.apache.catalina.core.StandardEngine ] : Starting Servlet engine: [Apache Tomcat/9.0.74]
2023-05-18 18:00:44.548+0000 [main]  INFO [swag-home,,] 1 --- [o.a.c.c.C.[Tomcat].[localhost].[/]      ] : Initializing Spring embedded WebApplicationContext
2023-05-18 18:00:44.560+0000 [main]  INFO [swag-home,,] 1 --- [w.s.c.ServletWebServerApplicationContext] : Root WebApplicationContext: initialization completed in 15774 ms
2023-05-18 18:00:48.634+0000 [main]  INFO [swag-home,,] 1 --- [org.mongodb.driver.client               ] : MongoClient with metadata {"driver": {"name": "mongo-java-driver|sync|spring-boot", "version": "4.6.1"}, "os": {"type": "Linux", "name": "Linux", "architecture": "amd64", "version": "6.1.26-1-MANJARO"}, "platform": "Java/Eclipse Adoptium/11.0.19+7"} created with settings MongoClientSettings{readPreference=primary, writeConcern=WriteConcern{w=majority, wTimeout=null ms, journal=null}, retryWrites=true, retryReads=true, readConcern=ReadConcern{level=null}, credential=MongoCredential{mechanism=null, userName='JuancaJcA', source='admin', password=<hidden>, mechanismProperties=<hidden>}, streamFactoryFactory=null, commandListeners=[io.micrometer.core.instrument.binder.mongodb.MongoMetricsCommandListener@59b853aa, org.springframework.cloud.sleuth.instrument.mongodb.TraceMongoCommandListener@4ab90d01], codecRegistry=ProvidersCodecRegistry{codecProviders=[ValueCodecProvider{}, BsonValueCodecProvider{}, DBRefCodecProvider{}, DBObjectCodecProvider{}, DocumentCodecProvider{}, IterableCodecProvider{}, MapCodecProvider{}, GeoJsonCodecProvider{}, GridFSFileCodecProvider{}, Jsr310CodecProvider{}, JsonObjectCodecProvider{}, BsonCodecProvider{}, EnumCodecProvider{}, com.mongodb.Jep395RecordCodecProvider@771d4db]}, clusterSettings={hosts=[127.0.0.1:27017], srvHost=labooncluster.ptkenzc.mongodb.net, srvServiceName=mongodb, mode=MULTIPLE, requiredClusterType=REPLICA_SET, requiredReplicaSetName='atlas-skb8x2-shard-0', serverSelector='null', clusterListeners='[]', serverSelectionTimeout='30000 ms', localThreshold='30000 ms'}, socketSettings=SocketSettings{connectTimeoutMS=10000, readTimeoutMS=0, receiveBufferSize=0, sendBufferSize=0}, heartbeatSocketSettings=SocketSettings{connectTimeoutMS=10000, readTimeoutMS=10000, receiveBufferSize=0, sendBufferSize=0}, connectionPoolSettings=ConnectionPoolSettings{maxSize=100, minSize=0, maxWaitTimeMS=120000, maxConnectionLifeTimeMS=0, maxConnectionIdleTimeMS=0, maintenanceInitialDelayMS=0, maintenanceFrequencyMS=60000, connectionPoolListeners=[io.micrometer.core.instrument.binder.mongodb.MongoMetricsConnectionPoolListener@2d88c1bf], maxConnecting=2}, serverSettings=ServerSettings{heartbeatFrequencyMS=10000, minHeartbeatFrequencyMS=500, serverListeners='[]', serverMonitorListeners='[]'}, sslSettings=SslSettings{enabled=true, invalidHostNameAllowed=false, context=null}, applicationName='null', compressorList=[], uuidRepresentation=JAVA_LEGACY, serverApi=null, autoEncryptionSettings=null, contextProvider=org.springframework.cloud.sleuth.instrument.mongodb.TraceSynchronousMongoClientSettingsBuilderCustomizer$$Lambda$878/0x00000008406bc840@3636f2a7}
2023-05-18 18:00:48.736+0000 [cluster-ClusterId{value='646667d0adaf3970137b2c77', description='null'}-srv-labooncluster.ptkenzc.mongodb.net]  INFO [swag-home,,] 1 --- [org.mongodb.driver.cluster              ] : Adding discovered server ac-wu6hl9z-shard-00-02.ptkenzc.mongodb.net:27017 to client view of cluster
2023-05-18 18:00:49.201+0000 [cluster-ClusterId{value='646667d0adaf3970137b2c77', description='null'}-srv-labooncluster.ptkenzc.mongodb.net]  INFO [swag-home,,] 1 --- [org.mongodb.driver.cluster              ] : Adding discovered server ac-wu6hl9z-shard-00-01.ptkenzc.mongodb.net:27017 to client view of cluster
2023-05-18 18:00:49.219+0000 [cluster-ClusterId{value='646667d0adaf3970137b2c77', description='null'}-srv-labooncluster.ptkenzc.mongodb.net]  INFO [swag-home,,] 1 --- [org.mongodb.driver.cluster              ] : Adding discovered server ac-wu6hl9z-shard-00-00.ptkenzc.mongodb.net:27017 to client view of cluster
2023-05-18 18:00:49.477+0000 [main]  WARN [swag-home,,] 1 --- [o.s.data.convert.CustomConversions      ] : Registering converter from class java.time.LocalDateTime to class org.joda.time.LocalDateTime as reading converter although it doesn't convert from a store-supported type; You might want to check your annotation setup at the converter implementation
2023-05-18 18:00:51.459+0000 [main]  WARN [swag-home,,] 1 --- [o.s.data.convert.CustomConversions      ] : Registering converter from class java.time.LocalDateTime to class org.joda.time.LocalDateTime as reading converter although it doesn't convert from a store-supported type; You might want to check your annotation setup at the converter implementation
2023-05-18 18:00:53.283+0000 [cluster-ClusterId{value='646667d0adaf3970137b2c77', description='null'}-ac-wu6hl9z-shard-00-00.ptkenzc.mongodb.net:27017]  INFO [swag-home,,] 1 --- [org.mongodb.driver.cluster              ] : Exception in monitor thread while connecting to server ac-wu6hl9z-shard-00-00.ptkenzc.mongodb.net:27017

com.mongodb.MongoSocketReadException: Prematurely reached end of stream
	at com.mongodb.internal.connection.SocketStream.read(SocketStream.java:112)
	at com.mongodb.internal.connection.SocketStream.read(SocketStream.java:135)
	at com.mongodb.internal.connection.InternalStreamConnection.receiveResponseBuffers(InternalStreamConnection.java:713)
	at com.mongodb.internal.connection.InternalStreamConnection.receiveMessageWithAdditionalTimeout(InternalStreamConnection.java:571)
	at com.mongodb.internal.connection.InternalStreamConnection.receiveCommandMessageResponse(InternalStreamConnection.java:410)
	at com.mongodb.internal.connection.InternalStreamConnection.sendAndReceive(InternalStreamConnection.java:337)
	at com.mongodb.internal.connection.CommandHelper.sendAndReceive(CommandHelper.java:101)
	at com.mongodb.internal.connection.CommandHelper.executeCommand(CommandHelper.java:45)
	at com.mongodb.internal.connection.InternalStreamConnectionInitializer.initializeConnectionDescription(InternalStreamConnectionInitializer.java:131)
	at com.mongodb.internal.connection.InternalStreamConnectionInitializer.startHandshake(InternalStreamConnectionInitializer.java:73)
	at com.mongodb.internal.connection.InternalStreamConnection.open(InternalStreamConnection.java:182)
	at com.mongodb.internal.connection.DefaultServerMonitor$ServerMonitorRunnable.lookupServerDescription(DefaultServerMonitor.java:193)
	at com.mongodb.internal.connection.DefaultServerMonitor$ServerMonitorRunnable.run(DefaultServerMonitor.java:157)
	at java.base/java.lang.Thread.run(Thread.java:829)

2023-05-18 18:00:53.412+0000 [cluster-ClusterId{value='646667d0adaf3970137b2c77', description='null'}-ac-wu6hl9z-shard-00-02.ptkenzc.mongodb.net:27017]  INFO [swag-home,,] 1 --- [org.mongodb.driver.cluster              ] : Exception in monitor thread while connecting to server ac-wu6hl9z-shard-00-02.ptkenzc.mongodb.net:27017

com.mongodb.MongoSocketReadException: Prematurely reached end of stream
	at com.mongodb.internal.connection.SocketStream.read(SocketStream.java:112)
	at com.mongodb.internal.connection.SocketStream.read(SocketStream.java:135)
	at com.mongodb.internal.connection.InternalStreamConnection.receiveResponseBuffers(InternalStreamConnection.java:713)
	at com.mongodb.internal.connection.InternalStreamConnection.receiveMessageWithAdditionalTimeout(InternalStreamConnection.java:571)
	at com.mongodb.internal.connection.InternalStreamConnection.receiveCommandMessageResponse(InternalStreamConnection.java:410)
	at com.mongodb.internal.connection.InternalStreamConnection.sendAndReceive(InternalStreamConnection.java:337)
	at com.mongodb.internal.connection.CommandHelper.sendAndReceive(CommandHelper.java:101)
	at com.mongodb.internal.connection.CommandHelper.executeCommand(CommandHelper.java:45)
	at com.mongodb.internal.connection.InternalStreamConnectionInitializer.initializeConnectionDescription(InternalStreamConnectionInitializer.java:131)
	at com.mongodb.internal.connection.InternalStreamConnectionInitializer.startHandshake(InternalStreamConnectionInitializer.java:73)
	at com.mongodb.internal.connection.InternalStreamConnection.open(InternalStreamConnection.java:182)
	at com.mongodb.internal.connection.DefaultServerMonitor$ServerMonitorRunnable.lookupServerDescription(DefaultServerMonitor.java:193)
	at com.mongodb.internal.connection.DefaultServerMonitor$ServerMonitorRunnable.run(DefaultServerMonitor.java:157)
	at java.base/java.lang.Thread.run(Thread.java:829)

2023-05-18 18:00:53.653+0000 [cluster-ClusterId{value='646667d0adaf3970137b2c77', description='null'}-ac-wu6hl9z-shard-00-01.ptkenzc.mongodb.net:27017]  INFO [swag-home,,] 1 --- [org.mongodb.driver.cluster              ] : Exception in monitor thread while connecting to server ac-wu6hl9z-shard-00-01.ptkenzc.mongodb.net:27017

com.mongodb.MongoSocketReadException: Prematurely reached end of stream
	at com.mongodb.internal.connection.SocketStream.read(SocketStream.java:112)
	at com.mongodb.internal.connection.SocketStream.read(SocketStream.java:135)
	at com.mongodb.internal.connection.InternalStreamConnection.receiveResponseBuffers(InternalStreamConnection.java:713)
	at com.mongodb.internal.connection.InternalStreamConnection.receiveMessageWithAdditionalTimeout(InternalStreamConnection.java:571)
	at com.mongodb.internal.connection.InternalStreamConnection.receiveCommandMessageResponse(InternalStreamConnection.java:410)
	at com.mongodb.internal.connection.InternalStreamConnection.sendAndReceive(InternalStreamConnection.java:337)
	at com.mongodb.internal.connection.CommandHelper.sendAndReceive(CommandHelper.java:101)
	at com.mongodb.internal.connection.CommandHelper.executeCommand(CommandHelper.java:45)
	at com.mongodb.internal.connection.InternalStreamConnectionInitializer.initializeConnectionDescription(InternalStreamConnectionInitializer.java:131)
	at com.mongodb.internal.connection.InternalStreamConnectionInitializer.startHandshake(InternalStreamConnectionInitializer.java:73)
	at com.mongodb.internal.connection.InternalStreamConnection.open(InternalStreamConnection.java:182)
	at com.mongodb.internal.connection.DefaultServerMonitor$ServerMonitorRunnable.lookupServerDescription(DefaultServerMonitor.java:193)
	at com.mongodb.internal.connection.DefaultServerMonitor$ServerMonitorRunnable.run(DefaultServerMonitor.java:157)
	at java.base/java.lang.Thread.run(Thread.java:829)

2023-05-18 18:00:59.488+0000 [main]  INFO [swag-home,,] 1 --- [o.s.c.openfeign.FeignClientFactoryBean  ] : For 'swag-artist' URL not provided. Will try picking an instance via load-balancing.
2023-05-18 18:01:00.349+0000 [main]  INFO [swag-home,,] 1 --- [o.s.c.openfeign.FeignClientFactoryBean  ] : For 'swag-profile' URL not provided. Will try picking an instance via load-balancing.
2023-05-18 18:01:03.862+0000 [cluster-rtt-ClusterId{value='646667d0adaf3970137b2c77', description='null'}-ac-wu6hl9z-shard-00-02.ptkenzc.mongodb.net:27017]  INFO [swag-home,,] 1 --- [org.mongodb.driver.connection           ] : Opened connection [connectionId{localValue:8, serverValue:76110}] to ac-wu6hl9z-shard-00-02.ptkenzc.mongodb.net:27017
2023-05-18 18:01:12.651+0000 [main]  INFO [swag-home,,] 1 --- [DiscoveryClientOptionalArgsConfiguration] : Eureka HTTP Client uses RestTemplate.
2023-05-18 18:01:14.259+0000 [main]  WARN [swag-home,,] 1 --- [iguration$LoadBalancerCaffeineWarnLogger] : Spring Cloud LoadBalancer is currently working with the default cache. While this cache implementation is useful for development and tests, it's recommended to use Caffeine cache in production.You can switch to using Caffeine cache, by adding it and org.springframework.cache.caffeine.CaffeineCacheManager to the classpath.
2023-05-18 18:01:15.031+0000 [main]  INFO [swag-home,,] 1 --- [o.s.b.a.e.web.EndpointLinksResolver     ] : Exposing 1 endpoint(s) beneath base path '/actuator'
2023-05-18 18:01:15.421+0000 [cluster-rtt-ClusterId{value='646667d0adaf3970137b2c77', description='null'}-ac-wu6hl9z-shard-00-00.ptkenzc.mongodb.net:27017]  INFO [swag-home,,] 1 --- [org.mongodb.driver.connection           ] : Opened connection [connectionId{localValue:16, serverValue:74155}] to ac-wu6hl9z-shard-00-00.ptkenzc.mongodb.net:27017
2023-05-18 18:01:15.500+0000 [main]  INFO [swag-home,,] 1 --- [o.s.c.n.eureka.InstanceInfoFactory      ] : Setting initial instance status as: STARTING
2023-05-18 18:01:15.865+0000 [main]  INFO [swag-home,,] 1 --- [com.netflix.discovery.DiscoveryClient   ] : Initializing Eureka in region us-east-1
2023-05-18 18:01:15.907+0000 [main]  INFO [swag-home,,] 1 --- [c.n.d.s.r.aws.ConfigClusterResolver     ] : Resolving eureka endpoints via configuration
2023-05-18 18:01:16.057+0000 [main]  INFO [swag-home,,] 1 --- [com.netflix.discovery.DiscoveryClient   ] : Disable delta property : false
2023-05-18 18:01:16.058+0000 [main]  INFO [swag-home,,] 1 --- [com.netflix.discovery.DiscoveryClient   ] : Single vip registry refresh property : null
2023-05-18 18:01:16.059+0000 [main]  INFO [swag-home,,] 1 --- [com.netflix.discovery.DiscoveryClient   ] : Force full registry fetch : false
2023-05-18 18:01:16.060+0000 [main]  INFO [swag-home,,] 1 --- [com.netflix.discovery.DiscoveryClient   ] : Application is null : false
2023-05-18 18:01:16.067+0000 [main]  INFO [swag-home,,] 1 --- [com.netflix.discovery.DiscoveryClient   ] : Registered Applications size is zero : true
2023-05-18 18:01:16.068+0000 [main]  INFO [swag-home,,] 1 --- [com.netflix.discovery.DiscoveryClient   ] : Application version is -1: true
2023-05-18 18:01:16.079+0000 [main]  INFO [swag-home,,] 1 --- [com.netflix.discovery.DiscoveryClient   ] : Getting all instance registry info from the eureka server
2023-05-18 18:01:16.979+0000 [main]  INFO [swag-home,,] 1 --- [com.netflix.discovery.DiscoveryClient   ] : The response status is 200
2023-05-18 18:01:17.013+0000 [main]  INFO [swag-home,,] 1 --- [com.netflix.discovery.DiscoveryClient   ] : Starting heartbeat executor: renew interval is: 30
2023-05-18 18:01:17.021+0000 [main]  INFO [swag-home,,] 1 --- [c.n.discovery.InstanceInfoReplicator    ] : InstanceInfoReplicator onDemand update allowed rate per min is 4
2023-05-18 18:01:17.046+0000 [main]  INFO [swag-home,,] 1 --- [com.netflix.discovery.DiscoveryClient   ] : Discovery Client initialized at timestamp 1684432877043 with initial instances count: 0
2023-05-18 18:01:17.080+0000 [main]  INFO [swag-home,,] 1 --- [o.s.c.n.e.s.EurekaServiceRegistry       ] : Registering application SWAG-HOME with eureka with status UP
2023-05-18 18:01:17.081+0000 [main]  INFO [swag-home,,] 1 --- [com.netflix.discovery.DiscoveryClient   ] : Saw local status change event StatusChangeEvent [timestamp=1684432877081, current=UP, previous=STARTING]
2023-05-18 18:01:17.115+0000 [DiscoveryClient-InstanceInfoReplicator-0]  INFO [swag-home,,] 1 --- [com.netflix.discovery.DiscoveryClient   ] : DiscoveryClient_SWAG-HOME/c54635436f25:swag-home:9038: registering service...
2023-05-18 18:01:17.317+0000 [main]  INFO [swag-home,,] 1 --- [o.s.b.w.embedded.tomcat.TomcatWebServer ] : Tomcat started on port(s): 9038 (http) with context path ''
2023-05-18 18:01:17.318+0000 [main]  INFO [swag-home,,] 1 --- [.s.c.n.e.s.EurekaAutoServiceRegistration] : Updating port to 9038
2023-05-18 18:01:17.526+0000 [DiscoveryClient-InstanceInfoReplicator-0]  INFO [swag-home,,] 1 --- [com.netflix.discovery.DiscoveryClient   ] : DiscoveryClient_SWAG-HOME/c54635436f25:swag-home:9038 - registration status: 204
2023-05-18 18:01:17.787+0000 [main]  INFO [swag-home,,] 1 --- [c.e.swaghome.SwagHomeApplicationKt      ] : Started SwagHomeApplicationKt in 73.442 seconds (JVM running for 75.774)
2023-05-18 18:01:26.495+0000 [cluster-rtt-ClusterId{value='646667d0adaf3970137b2c77', description='null'}-ac-wu6hl9z-shard-00-01.ptkenzc.mongodb.net:27017]  INFO [swag-home,,] 1 --- [org.mongodb.driver.connection           ] : Opened connection [connectionId{localValue:19, serverValue:73642}] to ac-wu6hl9z-shard-00-01.ptkenzc.mongodb.net:27017
2023-05-18 18:01:26.821+0000 [cluster-ClusterId{value='646667d0adaf3970137b2c77', description='null'}-ac-wu6hl9z-shard-00-01.ptkenzc.mongodb.net:27017]  INFO [swag-home,,] 1 --- [org.mongodb.driver.connection           ] : Opened connection [connectionId{localValue:21, serverValue:73643}] to ac-wu6hl9z-shard-00-01.ptkenzc.mongodb.net:27017
2023-05-18 18:01:26.822+0000 [cluster-ClusterId{value='646667d0adaf3970137b2c77', description='null'}-ac-wu6hl9z-shard-00-01.ptkenzc.mongodb.net:27017]  INFO [swag-home,,] 1 --- [org.mongodb.driver.cluster              ] : Monitor thread successfully connected to server with description ServerDescription{address=ac-wu6hl9z-shard-00-01.ptkenzc.mongodb.net:27017, type=REPLICA_SET_SECONDARY, state=CONNECTED, ok=true, minWireVersion=0, maxWireVersion=17, maxDocumentSize=16777216, logicalSessionTimeoutMinutes=30, roundTripTimeNanos=204126478, setName='atlas-skb8x2-shard-0', canonicalAddress=ac-wu6hl9z-shard-00-01.ptkenzc.mongodb.net:27017, hosts=[ac-wu6hl9z-shard-00-00.ptkenzc.mongodb.net:27017, ac-wu6hl9z-shard-00-01.ptkenzc.mongodb.net:27017, ac-wu6hl9z-shard-00-02.ptkenzc.mongodb.net:27017], passives=[], arbiters=[], primary='ac-wu6hl9z-shard-00-02.ptkenzc.mongodb.net:27017', tagSet=TagSet{[Tag{name='nodeType', value='ELECTABLE'}, Tag{name='provider', value='AWS'}, Tag{name='region', value='SA_EAST_1'}, Tag{name='workloadType', value='OPERATIONAL'}]}, electionId=null, setVersion=1, topologyVersion=TopologyVersion{processId=6462667d8411661dca390bc9, counter=3}, lastWriteDate=Thu May 18 18:01:27 UTC 2023, lastUpdateTimeNanos=2637984956391}
2023-05-18 18:01:47.008+0000 [DiscoveryClient-CacheRefreshExecutor-0]  INFO [swag-home,,] 1 --- [com.netflix.discovery.DiscoveryClient   ] : Disable delta property : false
2023-05-18 18:01:47.008+0000 [DiscoveryClient-CacheRefreshExecutor-0]  INFO [swag-home,,] 1 --- [com.netflix.discovery.DiscoveryClient   ] : Single vip registry refresh property : null
2023-05-18 18:01:47.009+0000 [DiscoveryClient-CacheRefreshExecutor-0]  INFO [swag-home,,] 1 --- [com.netflix.discovery.DiscoveryClient   ] : Force full registry fetch : false
2023-05-18 18:01:47.009+0000 [DiscoveryClient-CacheRefreshExecutor-0]  INFO [swag-home,,] 1 --- [com.netflix.discovery.DiscoveryClient   ] : Application is null : false
2023-05-18 18:01:47.009+0000 [DiscoveryClient-CacheRefreshExecutor-0]  INFO [swag-home,,] 1 --- [com.netflix.discovery.DiscoveryClient   ] : Registered Applications size is zero : true
2023-05-18 18:01:47.009+0000 [DiscoveryClient-CacheRefreshExecutor-0]  INFO [swag-home,,] 1 --- [com.netflix.discovery.DiscoveryClient   ] : Application version is -1: false
2023-05-18 18:01:47.009+0000 [DiscoveryClient-CacheRefreshExecutor-0]  INFO [swag-home,,] 1 --- [com.netflix.discovery.DiscoveryClient   ] : Getting all instance registry info from the eureka server
2023-05-18 18:01:47.036+0000 [DiscoveryClient-CacheRefreshExecutor-0]  INFO [swag-home,,] 1 --- [com.netflix.discovery.DiscoveryClient   ] : The response status is 200
2023-05-18 18:02:00.679+0000 [cluster-ClusterId{value='646667d0adaf3970137b2c77', description='null'}-ac-wu6hl9z-shard-00-02.ptkenzc.mongodb.net:27017]  INFO [swag-home,,] 1 --- [org.mongodb.driver.connection           ] : Opened connection [connectionId{localValue:27, serverValue:76126}] to ac-wu6hl9z-shard-00-02.ptkenzc.mongodb.net:27017
2023-05-18 18:02:00.680+0000 [cluster-ClusterId{value='646667d0adaf3970137b2c77', description='null'}-ac-wu6hl9z-shard-00-02.ptkenzc.mongodb.net:27017]  INFO [swag-home,,] 1 --- [org.mongodb.driver.cluster              ] : Monitor thread successfully connected to server with description ServerDescription{address=ac-wu6hl9z-shard-00-02.ptkenzc.mongodb.net:27017, type=REPLICA_SET_PRIMARY, state=CONNECTED, ok=true, minWireVersion=0, maxWireVersion=17, maxDocumentSize=16777216, logicalSessionTimeoutMinutes=30, roundTripTimeNanos=200325171, setName='atlas-skb8x2-shard-0', canonicalAddress=ac-wu6hl9z-shard-00-02.ptkenzc.mongodb.net:27017, hosts=[ac-wu6hl9z-shard-00-00.ptkenzc.mongodb.net:27017, ac-wu6hl9z-shard-00-01.ptkenzc.mongodb.net:27017, ac-wu6hl9z-shard-00-02.ptkenzc.mongodb.net:27017], passives=[], arbiters=[], primary='ac-wu6hl9z-shard-00-02.ptkenzc.mongodb.net:27017', tagSet=TagSet{[Tag{name='nodeType', value='ELECTABLE'}, Tag{name='provider', value='AWS'}, Tag{name='region', value='SA_EAST_1'}, Tag{name='workloadType', value='OPERATIONAL'}]}, electionId=7fffffff0000000000000021, setVersion=1, topologyVersion=TopologyVersion{processId=6462662a624a8c37ff5ec897, counter=6}, lastWriteDate=Thu May 18 18:02:00 UTC 2023, lastUpdateTimeNanos=2671843456371}
2023-05-18 18:02:00.681+0000 [cluster-ClusterId{value='646667d0adaf3970137b2c77', description='null'}-ac-wu6hl9z-shard-00-02.ptkenzc.mongodb.net:27017]  INFO [swag-home,,] 1 --- [org.mongodb.driver.cluster              ] : Setting max election id to 7fffffff0000000000000021 from replica set primary ac-wu6hl9z-shard-00-02.ptkenzc.mongodb.net:27017
2023-05-18 18:02:00.681+0000 [cluster-ClusterId{value='646667d0adaf3970137b2c77', description='null'}-ac-wu6hl9z-shard-00-02.ptkenzc.mongodb.net:27017]  INFO [swag-home,,] 1 --- [org.mongodb.driver.cluster              ] : Setting max set version to 1 from replica set primary ac-wu6hl9z-shard-00-02.ptkenzc.mongodb.net:27017
2023-05-18 18:02:00.681+0000 [cluster-ClusterId{value='646667d0adaf3970137b2c77', description='null'}-ac-wu6hl9z-shard-00-02.ptkenzc.mongodb.net:27017]  INFO [swag-home,,] 1 --- [org.mongodb.driver.cluster              ] : Discovered replica set primary ac-wu6hl9z-shard-00-02.ptkenzc.mongodb.net:27017
2023-05-18 18:02:12.831+0000 [http-nio-9038-exec-1]  INFO [swag-home,7414e02c8776d466,7414e02c8776d466] 1 --- [o.a.c.c.C.[Tomcat].[localhost].[/]      ] : Initializing Spring DispatcherServlet 'dispatcherServlet'
2023-05-18 18:02:12.831+0000 [http-nio-9038-exec-1]  INFO [swag-home,7414e02c8776d466,7414e02c8776d466] 1 --- [o.s.web.servlet.DispatcherServlet       ] : Initializing Servlet 'dispatcherServlet'
2023-05-18 18:02:12.833+0000 [http-nio-9038-exec-1]  INFO [swag-home,7414e02c8776d466,7414e02c8776d466] 1 --- [o.s.web.servlet.DispatcherServlet       ] : Completed initialization in 2 ms
2023-05-18 18:02:12.873+0000 [http-nio-9038-exec-1]  INFO [swag-home,7414e02c8776d466,7414e02c8776d466] 1 --- [com.example.swaghome.api.HomeAPI        ] : External Swag Artist API working
2023-05-18 18:02:43.643+0000 [Thread-3]  INFO [swag-home,,] 1 --- [o.s.c.s.a.z.ZipkinAutoConfiguration     ] : Flushing remaining spans on shutdown
2023-05-18 18:02:43.650+0000 [SpringApplicationShutdownHook]  INFO [swag-home,,] 1 --- [o.s.c.n.e.s.EurekaServiceRegistry       ] : Unregistering application SWAG-HOME with eureka with status DOWN
2023-05-18 18:02:43.651+0000 [SpringApplicationShutdownHook]  INFO [swag-home,,] 1 --- [com.netflix.discovery.DiscoveryClient   ] : Saw local status change event StatusChangeEvent [timestamp=1684432963651, current=DOWN, previous=UP]
2023-05-18 18:02:43.657+0000 [DiscoveryClient-InstanceInfoReplicator-0]  INFO [swag-home,,] 1 --- [com.netflix.discovery.DiscoveryClient   ] : DiscoveryClient_SWAG-HOME/c54635436f25:swag-home:9038: registering service...
2023-05-18 18:02:43.667+0000 [DiscoveryClient-InstanceInfoReplicator-0]  INFO [swag-home,,] 1 --- [com.netflix.discovery.DiscoveryClient   ] : DiscoveryClient_SWAG-HOME/c54635436f25:swag-home:9038 - registration status: 204
2023-05-18 18:02:44.502+0000 [SpringApplicationShutdownHook]  INFO [swag-home,,] 1 --- [com.netflix.discovery.DiscoveryClient   ] : Shutting down DiscoveryClient ...
2023-05-18 18:02:47.503+0000 [DiscoveryClient-0]  WARN [swag-home,,] 1 --- [c.netflix.discovery.TimedSupervisorTask ] : task supervisor shutting down, can't accept the task
2023-05-18 18:02:47.505+0000 [SpringApplicationShutdownHook]  INFO [swag-home,,] 1 --- [com.netflix.discovery.DiscoveryClient   ] : Unregistering ...
2023-05-18 18:02:47.512+0000 [SpringApplicationShutdownHook]  INFO [swag-home,,] 1 --- [com.netflix.discovery.DiscoveryClient   ] : DiscoveryClient_SWAG-HOME/c54635436f25:swag-home:9038 - deregister  status: 200
2023-05-18 18:02:47.522+0000 [SpringApplicationShutdownHook]  INFO [swag-home,,] 1 --- [com.netflix.discovery.DiscoveryClient   ] : Completed shut down of DiscoveryClient
2023-05-18 18:03:55.367+0000 [main]  INFO [swag-home,,] 1 --- [c.e.swaghome.SwagHomeApplicationKt      ] : The following 1 profile is active: "test"
2023-05-18 18:04:00.598+0000 [main]  INFO [swag-home,,] 1 --- [.s.d.r.c.RepositoryConfigurationDelegate] : Bootstrapping Spring Data MongoDB repositories in DEFAULT mode.
2023-05-18 18:04:01.482+0000 [main]  INFO [swag-home,,] 1 --- [.s.d.r.c.RepositoryConfigurationDelegate] : Finished Spring Data repository scanning in 850 ms. Found 1 MongoDB repository interfaces.
2023-05-18 18:04:03.232+0000 [main]  INFO [swag-home,,] 1 --- [o.s.cloud.context.scope.GenericScope    ] : BeanFactory id=c4ff6671-d61a-31b4-8bdb-c30b8b32c30b
2023-05-18 18:04:06.218+0000 [main]  INFO [swag-home,,] 1 --- [o.s.b.w.embedded.tomcat.TomcatWebServer ] : Tomcat initialized with port(s): 9038 (http)
2023-05-18 18:04:06.270+0000 [main]  INFO [swag-home,,] 1 --- [o.apache.catalina.core.StandardService  ] : Starting service [Tomcat]
2023-05-18 18:04:06.271+0000 [main]  INFO [swag-home,,] 1 --- [org.apache.catalina.core.StandardEngine ] : Starting Servlet engine: [Apache Tomcat/9.0.74]
2023-05-18 18:04:06.712+0000 [main]  INFO [swag-home,,] 1 --- [o.a.c.c.C.[Tomcat].[localhost].[/]      ] : Initializing Spring embedded WebApplicationContext
2023-05-18 18:04:06.715+0000 [main]  INFO [swag-home,,] 1 --- [w.s.c.ServletWebServerApplicationContext] : Root WebApplicationContext: initialization completed in 11184 ms
2023-05-18 18:04:10.181+0000 [cluster-ClusterId{value='6466689ab2e5291bdf75b044', description='null'}-srv-labooncluster.ptkenzc.mongodb.net]  INFO [swag-home,,] 1 --- [org.mongodb.driver.cluster              ] : Adding discovered server ac-wu6hl9z-shard-00-02.ptkenzc.mongodb.net:27017 to client view of cluster
2023-05-18 18:04:10.234+0000 [main]  INFO [swag-home,,] 1 --- [org.mongodb.driver.client               ] : MongoClient with metadata {"driver": {"name": "mongo-java-driver|sync|spring-boot", "version": "4.6.1"}, "os": {"type": "Linux", "name": "Linux", "architecture": "amd64", "version": "6.1.26-1-MANJARO"}, "platform": "Java/Eclipse Adoptium/11.0.19+7"} created with settings MongoClientSettings{readPreference=primary, writeConcern=WriteConcern{w=majority, wTimeout=null ms, journal=null}, retryWrites=true, retryReads=true, readConcern=ReadConcern{level=null}, credential=MongoCredential{mechanism=null, userName='JuancaJcA', source='admin', password=<hidden>, mechanismProperties=<hidden>}, streamFactoryFactory=null, commandListeners=[io.micrometer.core.instrument.binder.mongodb.MongoMetricsCommandListener@205f52ea, org.springframework.cloud.sleuth.instrument.mongodb.TraceMongoCommandListener@34f60be9], codecRegistry=ProvidersCodecRegistry{codecProviders=[ValueCodecProvider{}, BsonValueCodecProvider{}, DBRefCodecProvider{}, DBObjectCodecProvider{}, DocumentCodecProvider{}, IterableCodecProvider{}, MapCodecProvider{}, GeoJsonCodecProvider{}, GridFSFileCodecProvider{}, Jsr310CodecProvider{}, JsonObjectCodecProvider{}, BsonCodecProvider{}, EnumCodecProvider{}, com.mongodb.Jep395RecordCodecProvider@29ccab93]}, clusterSettings={hosts=[127.0.0.1:27017], srvHost=labooncluster.ptkenzc.mongodb.net, srvServiceName=mongodb, mode=MULTIPLE, requiredClusterType=REPLICA_SET, requiredReplicaSetName='atlas-skb8x2-shard-0', serverSelector='null', clusterListeners='[]', serverSelectionTimeout='30000 ms', localThreshold='30000 ms'}, socketSettings=SocketSettings{connectTimeoutMS=10000, readTimeoutMS=0, receiveBufferSize=0, sendBufferSize=0}, heartbeatSocketSettings=SocketSettings{connectTimeoutMS=10000, readTimeoutMS=10000, receiveBufferSize=0, sendBufferSize=0}, connectionPoolSettings=ConnectionPoolSettings{maxSize=100, minSize=0, maxWaitTimeMS=120000, maxConnectionLifeTimeMS=0, maxConnectionIdleTimeMS=0, maintenanceInitialDelayMS=0, maintenanceFrequencyMS=60000, connectionPoolListeners=[io.micrometer.core.instrument.binder.mongodb.MongoMetricsConnectionPoolListener@7e2a76be], maxConnecting=2}, serverSettings=ServerSettings{heartbeatFrequencyMS=10000, minHeartbeatFrequencyMS=500, serverListeners='[]', serverMonitorListeners='[]'}, sslSettings=SslSettings{enabled=true, invalidHostNameAllowed=false, context=null}, applicationName='null', compressorList=[], uuidRepresentation=JAVA_LEGACY, serverApi=null, autoEncryptionSettings=null, contextProvider=org.springframework.cloud.sleuth.instrument.mongodb.TraceSynchronousMongoClientSettingsBuilderCustomizer$$Lambda$878/0x00000008406bc840@24b8a393}
2023-05-18 18:04:10.321+0000 [cluster-ClusterId{value='6466689ab2e5291bdf75b044', description='null'}-srv-labooncluster.ptkenzc.mongodb.net]  INFO [swag-home,,] 1 --- [org.mongodb.driver.cluster              ] : Adding discovered server ac-wu6hl9z-shard-00-01.ptkenzc.mongodb.net:27017 to client view of cluster
2023-05-18 18:04:10.369+0000 [cluster-ClusterId{value='6466689ab2e5291bdf75b044', description='null'}-srv-labooncluster.ptkenzc.mongodb.net]  INFO [swag-home,,] 1 --- [org.mongodb.driver.cluster              ] : Adding discovered server ac-wu6hl9z-shard-00-00.ptkenzc.mongodb.net:27017 to client view of cluster
2023-05-18 18:04:10.920+0000 [main]  WARN [swag-home,,] 1 --- [o.s.data.convert.CustomConversions      ] : Registering converter from class java.time.LocalDateTime to class org.joda.time.LocalDateTime as reading converter although it doesn't convert from a store-supported type; You might want to check your annotation setup at the converter implementation
2023-05-18 18:04:11.932+0000 [main]  WARN [swag-home,,] 1 --- [o.s.data.convert.CustomConversions      ] : Registering converter from class java.time.LocalDateTime to class org.joda.time.LocalDateTime as reading converter although it doesn't convert from a store-supported type; You might want to check your annotation setup at the converter implementation
2023-05-18 18:04:11.992+0000 [cluster-rtt-ClusterId{value='6466689ab2e5291bdf75b044', description='null'}-ac-wu6hl9z-shard-00-00.ptkenzc.mongodb.net:27017]  INFO [swag-home,,] 1 --- [org.mongodb.driver.connection           ] : Opened connection [connectionId{localValue:6, serverValue:74204}] to ac-wu6hl9z-shard-00-00.ptkenzc.mongodb.net:27017
2023-05-18 18:04:12.097+0000 [cluster-ClusterId{value='6466689ab2e5291bdf75b044', description='null'}-ac-wu6hl9z-shard-00-00.ptkenzc.mongodb.net:27017]  INFO [swag-home,,] 1 --- [org.mongodb.driver.connection           ] : Opened connection [connectionId{localValue:5, serverValue:74204}] to ac-wu6hl9z-shard-00-00.ptkenzc.mongodb.net:27017
2023-05-18 18:04:12.106+0000 [cluster-ClusterId{value='6466689ab2e5291bdf75b044', description='null'}-ac-wu6hl9z-shard-00-00.ptkenzc.mongodb.net:27017]  INFO [swag-home,,] 1 --- [org.mongodb.driver.cluster              ] : Monitor thread successfully connected to server with description ServerDescription{address=ac-wu6hl9z-shard-00-00.ptkenzc.mongodb.net:27017, type=REPLICA_SET_SECONDARY, state=CONNECTED, ok=true, minWireVersion=0, maxWireVersion=17, maxDocumentSize=16777216, logicalSessionTimeoutMinutes=30, roundTripTimeNanos=997082030, setName='atlas-skb8x2-shard-0', canonicalAddress=ac-wu6hl9z-shard-00-00.ptkenzc.mongodb.net:27017, hosts=[ac-wu6hl9z-shard-00-00.ptkenzc.mongodb.net:27017, ac-wu6hl9z-shard-00-01.ptkenzc.mongodb.net:27017, ac-wu6hl9z-shard-00-02.ptkenzc.mongodb.net:27017], passives=[], arbiters=[], primary='ac-wu6hl9z-shard-00-02.ptkenzc.mongodb.net:27017', tagSet=TagSet{[Tag{name='nodeType', value='ELECTABLE'}, Tag{name='provider', value='AWS'}, Tag{name='region', value='SA_EAST_1'}, Tag{name='workloadType', value='OPERATIONAL'}]}, electionId=null, setVersion=1, topologyVersion=TopologyVersion{processId=646265d65c343e390597d7c1, counter=4}, lastWriteDate=Thu May 18 18:04:11 UTC 2023, lastUpdateTimeNanos=2803258788927}
2023-05-18 18:04:12.808+0000 [cluster-ClusterId{value='6466689ab2e5291bdf75b044', description='null'}-ac-wu6hl9z-shard-00-01.ptkenzc.mongodb.net:27017]  INFO [swag-home,,] 1 --- [org.mongodb.driver.cluster              ] : Exception in monitor thread while connecting to server ac-wu6hl9z-shard-00-01.ptkenzc.mongodb.net:27017

com.mongodb.MongoSocketReadException: Prematurely reached end of stream
	at com.mongodb.internal.connection.SocketStream.read(SocketStream.java:112)
	at com.mongodb.internal.connection.SocketStream.read(SocketStream.java:135)
	at com.mongodb.internal.connection.InternalStreamConnection.receiveResponseBuffers(InternalStreamConnection.java:713)
	at com.mongodb.internal.connection.InternalStreamConnection.receiveMessageWithAdditionalTimeout(InternalStreamConnection.java:571)
	at com.mongodb.internal.connection.InternalStreamConnection.receiveCommandMessageResponse(InternalStreamConnection.java:410)
	at com.mongodb.internal.connection.InternalStreamConnection.sendAndReceive(InternalStreamConnection.java:337)
	at com.mongodb.internal.connection.CommandHelper.sendAndReceive(CommandHelper.java:101)
	at com.mongodb.internal.connection.CommandHelper.executeCommand(CommandHelper.java:45)
	at com.mongodb.internal.connection.InternalStreamConnectionInitializer.initializeConnectionDescription(InternalStreamConnectionInitializer.java:131)
	at com.mongodb.internal.connection.InternalStreamConnectionInitializer.startHandshake(InternalStreamConnectionInitializer.java:73)
	at com.mongodb.internal.connection.InternalStreamConnection.open(InternalStreamConnection.java:182)
	at com.mongodb.internal.connection.DefaultServerMonitor$ServerMonitorRunnable.lookupServerDescription(DefaultServerMonitor.java:193)
	at com.mongodb.internal.connection.DefaultServerMonitor$ServerMonitorRunnable.run(DefaultServerMonitor.java:157)
	at java.base/java.lang.Thread.run(Thread.java:829)

2023-05-18 18:04:12.820+0000 [cluster-ClusterId{value='6466689ab2e5291bdf75b044', description='null'}-ac-wu6hl9z-shard-00-02.ptkenzc.mongodb.net:27017]  INFO [swag-home,,] 1 --- [org.mongodb.driver.cluster              ] : Exception in monitor thread while connecting to server ac-wu6hl9z-shard-00-02.ptkenzc.mongodb.net:27017

com.mongodb.MongoSocketReadException: Prematurely reached end of stream
	at com.mongodb.internal.connection.SocketStream.read(SocketStream.java:112)
	at com.mongodb.internal.connection.SocketStream.read(SocketStream.java:135)
	at com.mongodb.internal.connection.InternalStreamConnection.receiveResponseBuffers(InternalStreamConnection.java:713)
	at com.mongodb.internal.connection.InternalStreamConnection.receiveMessageWithAdditionalTimeout(InternalStreamConnection.java:571)
	at com.mongodb.internal.connection.InternalStreamConnection.receiveCommandMessageResponse(InternalStreamConnection.java:410)
	at com.mongodb.internal.connection.InternalStreamConnection.sendAndReceive(InternalStreamConnection.java:337)
	at com.mongodb.internal.connection.CommandHelper.sendAndReceive(CommandHelper.java:101)
	at com.mongodb.internal.connection.CommandHelper.executeCommand(CommandHelper.java:45)
	at com.mongodb.internal.connection.InternalStreamConnectionInitializer.initializeConnectionDescription(InternalStreamConnectionInitializer.java:131)
	at com.mongodb.internal.connection.InternalStreamConnectionInitializer.startHandshake(InternalStreamConnectionInitializer.java:73)
	at com.mongodb.internal.connection.InternalStreamConnection.open(InternalStreamConnection.java:182)
	at com.mongodb.internal.connection.DefaultServerMonitor$ServerMonitorRunnable.lookupServerDescription(DefaultServerMonitor.java:193)
	at com.mongodb.internal.connection.DefaultServerMonitor$ServerMonitorRunnable.run(DefaultServerMonitor.java:157)
	at java.base/java.lang.Thread.run(Thread.java:829)

2023-05-18 18:04:15.531+0000 [main]  INFO [swag-home,,] 1 --- [o.s.c.openfeign.FeignClientFactoryBean  ] : For 'swag-artist' URL not provided. Will try picking an instance via load-balancing.
2023-05-18 18:04:15.736+0000 [main]  INFO [swag-home,,] 1 --- [o.s.c.openfeign.FeignClientFactoryBean  ] : For 'swag-profile' URL not provided. Will try picking an instance via load-balancing.
2023-05-18 18:04:21.091+0000 [main]  INFO [swag-home,,] 1 --- [DiscoveryClientOptionalArgsConfiguration] : Eureka HTTP Client uses RestTemplate.
2023-05-18 18:04:21.903+0000 [main]  WARN [swag-home,,] 1 --- [iguration$LoadBalancerCaffeineWarnLogger] : Spring Cloud LoadBalancer is currently working with the default cache. While this cache implementation is useful for development and tests, it's recommended to use Caffeine cache in production.You can switch to using Caffeine cache, by adding it and org.springframework.cache.caffeine.CaffeineCacheManager to the classpath.
2023-05-18 18:04:22.263+0000 [main]  INFO [swag-home,,] 1 --- [o.s.b.a.e.web.EndpointLinksResolver     ] : Exposing 1 endpoint(s) beneath base path '/actuator'
2023-05-18 18:04:22.459+0000 [main]  INFO [swag-home,,] 1 --- [o.s.c.n.eureka.InstanceInfoFactory      ] : Setting initial instance status as: STARTING
2023-05-18 18:04:22.839+0000 [main]  INFO [swag-home,,] 1 --- [com.netflix.discovery.DiscoveryClient   ] : Initializing Eureka in region us-east-1
2023-05-18 18:04:22.856+0000 [main]  INFO [swag-home,,] 1 --- [c.n.d.s.r.aws.ConfigClusterResolver     ] : Resolving eureka endpoints via configuration
2023-05-18 18:04:22.948+0000 [main]  INFO [swag-home,,] 1 --- [com.netflix.discovery.DiscoveryClient   ] : Disable delta property : false
2023-05-18 18:04:22.953+0000 [main]  INFO [swag-home,,] 1 --- [com.netflix.discovery.DiscoveryClient   ] : Single vip registry refresh property : null
2023-05-18 18:04:22.954+0000 [main]  INFO [swag-home,,] 1 --- [com.netflix.discovery.DiscoveryClient   ] : Force full registry fetch : false
2023-05-18 18:04:22.957+0000 [main]  INFO [swag-home,,] 1 --- [com.netflix.discovery.DiscoveryClient   ] : Application is null : false
2023-05-18 18:04:22.958+0000 [main]  INFO [swag-home,,] 1 --- [com.netflix.discovery.DiscoveryClient   ] : Registered Applications size is zero : true
2023-05-18 18:04:22.959+0000 [main]  INFO [swag-home,,] 1 --- [com.netflix.discovery.DiscoveryClient   ] : Application version is -1: true
2023-05-18 18:04:22.961+0000 [main]  INFO [swag-home,,] 1 --- [com.netflix.discovery.DiscoveryClient   ] : Getting all instance registry info from the eureka server
2023-05-18 18:04:23.254+0000 [cluster-rtt-ClusterId{value='6466689ab2e5291bdf75b044', description='null'}-ac-wu6hl9z-shard-00-02.ptkenzc.mongodb.net:27017]  INFO [swag-home,,] 1 --- [org.mongodb.driver.connection           ] : Opened connection [connectionId{localValue:9, serverValue:76166}] to ac-wu6hl9z-shard-00-02.ptkenzc.mongodb.net:27017
2023-05-18 18:04:23.260+0000 [cluster-ClusterId{value='6466689ab2e5291bdf75b044', description='null'}-ac-wu6hl9z-shard-00-02.ptkenzc.mongodb.net:27017]  INFO [swag-home,,] 1 --- [org.mongodb.driver.connection           ] : Opened connection [connectionId{localValue:8, serverValue:76166}] to ac-wu6hl9z-shard-00-02.ptkenzc.mongodb.net:27017
2023-05-18 18:04:23.265+0000 [cluster-ClusterId{value='6466689ab2e5291bdf75b044', description='null'}-ac-wu6hl9z-shard-00-02.ptkenzc.mongodb.net:27017]  INFO [swag-home,,] 1 --- [org.mongodb.driver.cluster              ] : Monitor thread successfully connected to server with description ServerDescription{address=ac-wu6hl9z-shard-00-02.ptkenzc.mongodb.net:27017, type=REPLICA_SET_PRIMARY, state=CONNECTED, ok=true, minWireVersion=0, maxWireVersion=17, maxDocumentSize=16777216, logicalSessionTimeoutMinutes=30, roundTripTimeNanos=338011214, setName='atlas-skb8x2-shard-0', canonicalAddress=ac-wu6hl9z-shard-00-02.ptkenzc.mongodb.net:27017, hosts=[ac-wu6hl9z-shard-00-00.ptkenzc.mongodb.net:27017, ac-wu6hl9z-shard-00-01.ptkenzc.mongodb.net:27017, ac-wu6hl9z-shard-00-02.ptkenzc.mongodb.net:27017], passives=[], arbiters=[], primary='ac-wu6hl9z-shard-00-02.ptkenzc.mongodb.net:27017', tagSet=TagSet{[Tag{name='nodeType', value='ELECTABLE'}, Tag{name='provider', value='AWS'}, Tag{name='region', value='SA_EAST_1'}, Tag{name='workloadType', value='OPERATIONAL'}]}, electionId=7fffffff0000000000000021, setVersion=1, topologyVersion=TopologyVersion{processId=6462662a624a8c37ff5ec897, counter=6}, lastWriteDate=Thu May 18 18:04:23 UTC 2023, lastUpdateTimeNanos=2814424318045}
2023-05-18 18:04:23.298+0000 [cluster-ClusterId{value='6466689ab2e5291bdf75b044', description='null'}-ac-wu6hl9z-shard-00-02.ptkenzc.mongodb.net:27017]  INFO [swag-home,,] 1 --- [org.mongodb.driver.cluster              ] : Setting max election id to 7fffffff0000000000000021 from replica set primary ac-wu6hl9z-shard-00-02.ptkenzc.mongodb.net:27017
2023-05-18 18:04:23.299+0000 [cluster-ClusterId{value='6466689ab2e5291bdf75b044', description='null'}-ac-wu6hl9z-shard-00-02.ptkenzc.mongodb.net:27017]  INFO [swag-home,,] 1 --- [org.mongodb.driver.cluster              ] : Setting max set version to 1 from replica set primary ac-wu6hl9z-shard-00-02.ptkenzc.mongodb.net:27017
2023-05-18 18:04:23.299+0000 [cluster-ClusterId{value='6466689ab2e5291bdf75b044', description='null'}-ac-wu6hl9z-shard-00-02.ptkenzc.mongodb.net:27017]  INFO [swag-home,,] 1 --- [org.mongodb.driver.cluster              ] : Discovered replica set primary ac-wu6hl9z-shard-00-02.ptkenzc.mongodb.net:27017
2023-05-18 18:04:23.595+0000 [main]  INFO [swag-home,,] 1 --- [com.netflix.discovery.DiscoveryClient   ] : The response status is 200
2023-05-18 18:04:23.603+0000 [main]  INFO [swag-home,,] 1 --- [com.netflix.discovery.DiscoveryClient   ] : Starting heartbeat executor: renew interval is: 30
2023-05-18 18:04:23.615+0000 [main]  INFO [swag-home,,] 1 --- [c.n.discovery.InstanceInfoReplicator    ] : InstanceInfoReplicator onDemand update allowed rate per min is 4
2023-05-18 18:04:23.623+0000 [main]  INFO [swag-home,,] 1 --- [com.netflix.discovery.DiscoveryClient   ] : Discovery Client initialized at timestamp 1684433063622 with initial instances count: 0
2023-05-18 18:04:23.700+0000 [main]  INFO [swag-home,,] 1 --- [o.s.c.n.e.s.EurekaServiceRegistry       ] : Registering application SWAG-HOME with eureka with status UP
2023-05-18 18:04:23.702+0000 [main]  INFO [swag-home,,] 1 --- [com.netflix.discovery.DiscoveryClient   ] : Saw local status change event StatusChangeEvent [timestamp=1684433063702, current=UP, previous=STARTING]
2023-05-18 18:04:23.730+0000 [DiscoveryClient-InstanceInfoReplicator-0]  INFO [swag-home,,] 1 --- [com.netflix.discovery.DiscoveryClient   ] : DiscoveryClient_SWAG-HOME/c54635436f25:swag-home:9038: registering service...
2023-05-18 18:04:23.801+0000 [main]  INFO [swag-home,,] 1 --- [o.s.b.w.embedded.tomcat.TomcatWebServer ] : Tomcat started on port(s): 9038 (http) with context path ''
2023-05-18 18:04:23.808+0000 [main]  INFO [swag-home,,] 1 --- [.s.c.n.e.s.EurekaAutoServiceRegistration] : Updating port to 9038
2023-05-18 18:04:23.956+0000 [main]  INFO [swag-home,,] 1 --- [c.e.swaghome.SwagHomeApplicationKt      ] : Started SwagHomeApplicationKt in 42.939 seconds (JVM running for 44.813)
2023-05-18 18:04:23.979+0000 [DiscoveryClient-InstanceInfoReplicator-0]  INFO [swag-home,,] 1 --- [com.netflix.discovery.DiscoveryClient   ] : DiscoveryClient_SWAG-HOME/c54635436f25:swag-home:9038 - registration status: 204
2023-05-18 18:04:53.601+0000 [DiscoveryClient-CacheRefreshExecutor-0]  INFO [swag-home,,] 1 --- [com.netflix.discovery.DiscoveryClient   ] : Disable delta property : false
2023-05-18 18:04:53.601+0000 [DiscoveryClient-CacheRefreshExecutor-0]  INFO [swag-home,,] 1 --- [com.netflix.discovery.DiscoveryClient   ] : Single vip registry refresh property : null
2023-05-18 18:04:53.601+0000 [DiscoveryClient-CacheRefreshExecutor-0]  INFO [swag-home,,] 1 --- [com.netflix.discovery.DiscoveryClient   ] : Force full registry fetch : false
2023-05-18 18:04:53.602+0000 [DiscoveryClient-CacheRefreshExecutor-0]  INFO [swag-home,,] 1 --- [com.netflix.discovery.DiscoveryClient   ] : Application is null : false
2023-05-18 18:04:53.602+0000 [DiscoveryClient-CacheRefreshExecutor-0]  INFO [swag-home,,] 1 --- [com.netflix.discovery.DiscoveryClient   ] : Registered Applications size is zero : true
2023-05-18 18:04:53.602+0000 [DiscoveryClient-CacheRefreshExecutor-0]  INFO [swag-home,,] 1 --- [com.netflix.discovery.DiscoveryClient   ] : Application version is -1: false
2023-05-18 18:04:53.602+0000 [DiscoveryClient-CacheRefreshExecutor-0]  INFO [swag-home,,] 1 --- [com.netflix.discovery.DiscoveryClient   ] : Getting all instance registry info from the eureka server
2023-05-18 18:04:53.616+0000 [DiscoveryClient-CacheRefreshExecutor-0]  INFO [swag-home,,] 1 --- [com.netflix.discovery.DiscoveryClient   ] : The response status is 200
2023-05-18 18:04:57.006+0000 [cluster-rtt-ClusterId{value='6466689ab2e5291bdf75b044', description='null'}-ac-wu6hl9z-shard-00-01.ptkenzc.mongodb.net:27017]  INFO [swag-home,,] 1 --- [org.mongodb.driver.connection           ] : Opened connection [connectionId{localValue:16, serverValue:73709}] to ac-wu6hl9z-shard-00-01.ptkenzc.mongodb.net:27017
2023-05-18 18:05:19.461+0000 [cluster-ClusterId{value='6466689ab2e5291bdf75b044', description='null'}-ac-wu6hl9z-shard-00-01.ptkenzc.mongodb.net:27017]  INFO [swag-home,,] 1 --- [org.mongodb.driver.connection           ] : Opened connection [connectionId{localValue:18, serverValue:73714}] to ac-wu6hl9z-shard-00-01.ptkenzc.mongodb.net:27017
2023-05-18 18:05:19.461+0000 [cluster-ClusterId{value='6466689ab2e5291bdf75b044', description='null'}-ac-wu6hl9z-shard-00-01.ptkenzc.mongodb.net:27017]  INFO [swag-home,,] 1 --- [org.mongodb.driver.cluster              ] : Monitor thread successfully connected to server with description ServerDescription{address=ac-wu6hl9z-shard-00-01.ptkenzc.mongodb.net:27017, type=REPLICA_SET_SECONDARY, state=CONNECTED, ok=true, minWireVersion=0, maxWireVersion=17, maxDocumentSize=16777216, logicalSessionTimeoutMinutes=30, roundTripTimeNanos=205932570, setName='atlas-skb8x2-shard-0', canonicalAddress=ac-wu6hl9z-shard-00-01.ptkenzc.mongodb.net:27017, hosts=[ac-wu6hl9z-shard-00-00.ptkenzc.mongodb.net:27017, ac-wu6hl9z-shard-00-01.ptkenzc.mongodb.net:27017, ac-wu6hl9z-shard-00-02.ptkenzc.mongodb.net:27017], passives=[], arbiters=[], primary='ac-wu6hl9z-shard-00-02.ptkenzc.mongodb.net:27017', tagSet=TagSet{[Tag{name='nodeType', value='ELECTABLE'}, Tag{name='provider', value='AWS'}, Tag{name='region', value='SA_EAST_1'}, Tag{name='workloadType', value='OPERATIONAL'}]}, electionId=null, setVersion=1, topologyVersion=TopologyVersion{processId=6462667d8411661dca390bc9, counter=3}, lastWriteDate=Thu May 18 18:05:19 UTC 2023, lastUpdateTimeNanos=2870624837318}
2023-05-18 18:05:52.424+0000 [http-nio-9038-exec-2]  INFO [swag-home,cc2455f6bbe0368f,cc2455f6bbe0368f] 1 --- [o.a.c.c.C.[Tomcat].[localhost].[/]      ] : Initializing Spring DispatcherServlet 'dispatcherServlet'
2023-05-18 18:05:52.424+0000 [http-nio-9038-exec-2]  INFO [swag-home,cc2455f6bbe0368f,cc2455f6bbe0368f] 1 --- [o.s.web.servlet.DispatcherServlet       ] : Initializing Servlet 'dispatcherServlet'
2023-05-18 18:05:52.428+0000 [http-nio-9038-exec-2]  INFO [swag-home,cc2455f6bbe0368f,cc2455f6bbe0368f] 1 --- [o.s.web.servlet.DispatcherServlet       ] : Completed initialization in 4 ms
2023-05-18 18:05:52.509+0000 [http-nio-9038-exec-2]  INFO [swag-home,cc2455f6bbe0368f,cc2455f6bbe0368f] 1 --- [com.example.swaghome.api.HomeAPI        ] : External Swag Artist API working
2023-05-18 18:05:57.051+0000 [http-nio-9038-exec-2] ERROR [swag-home,cc2455f6bbe0368f,cc2455f6bbe0368f] 1 --- [o.a.c.c.C.[.[.[/].[dispatcherServlet]   ] : Servlet.service() for servlet [dispatcherServlet] in context with path [] threw exception [Request processing failed; nested exception is feign.FeignException$InternalServerError: [500] during [GET] to [http://swag-artist/artist] [SwagArtistService#getAllArtists()]: [{"timestamp":"2023-05-18T18:05:57.000+00:00","status":500,"error":"Internal Server Error","path":"/artist"}]] with root cause

feign.FeignException$InternalServerError: [500] during [GET] to [http://swag-artist/artist] [SwagArtistService#getAllArtists()]: [{"timestamp":"2023-05-18T18:05:57.000+00:00","status":500,"error":"Internal Server Error","path":"/artist"}]
	at feign.FeignException.serverErrorStatus(FeignException.java:250)
	at feign.FeignException.errorStatus(FeignException.java:197)
	at feign.FeignException.errorStatus(FeignException.java:185)
	at feign.codec.ErrorDecoder$Default.decode(ErrorDecoder.java:92)
	at feign.AsyncResponseHandler.handleResponse(AsyncResponseHandler.java:98)
	at feign.SynchronousMethodHandler.executeAndDecode(SynchronousMethodHandler.java:141)
	at feign.SynchronousMethodHandler.invoke(SynchronousMethodHandler.java:91)
	at feign.ReflectiveFeign$FeignInvocationHandler.invoke(ReflectiveFeign.java:100)
	at com.sun.proxy.$Proxy162.getAllArtists(Unknown Source)
	at com.example.swaghome.api.HomeAPI.getAllArtists(HomeAPI.kt:38)
	at java.base/jdk.internal.reflect.NativeMethodAccessorImpl.invoke0(Native Method)
	at java.base/jdk.internal.reflect.NativeMethodAccessorImpl.invoke(NativeMethodAccessorImpl.java:62)
	at java.base/jdk.internal.reflect.DelegatingMethodAccessorImpl.invoke(DelegatingMethodAccessorImpl.java:43)
	at java.base/java.lang.reflect.Method.invoke(Method.java:566)
	at org.springframework.web.method.support.InvocableHandlerMethod.doInvoke(InvocableHandlerMethod.java:205)
	at org.springframework.web.method.support.InvocableHandlerMethod.invokeForRequest(InvocableHandlerMethod.java:150)
	at org.springframework.web.servlet.mvc.method.annotation.ServletInvocableHandlerMethod.invokeAndHandle(ServletInvocableHandlerMethod.java:117)
	at org.springframework.web.servlet.mvc.method.annotation.RequestMappingHandlerAdapter.invokeHandlerMethod(RequestMappingHandlerAdapter.java:895)
	at org.springframework.web.servlet.mvc.method.annotation.RequestMappingHandlerAdapter.handleInternal(RequestMappingHandlerAdapter.java:808)
	at org.springframework.web.servlet.mvc.method.AbstractHandlerMethodAdapter.handle(AbstractHandlerMethodAdapter.java:87)
	at org.springframework.web.servlet.DispatcherServlet.doDispatch(DispatcherServlet.java:1072)
	at org.springframework.web.servlet.DispatcherServlet.doService(DispatcherServlet.java:965)
	at org.springframework.web.servlet.FrameworkServlet.processRequest(FrameworkServlet.java:1006)
	at org.springframework.web.servlet.FrameworkServlet.doGet(FrameworkServlet.java:898)
	at javax.servlet.http.HttpServlet.service(HttpServlet.java:529)
	at org.springframework.web.servlet.FrameworkServlet.service(FrameworkServlet.java:883)
	at javax.servlet.http.HttpServlet.service(HttpServlet.java:623)
	at org.apache.catalina.core.ApplicationFilterChain.internalDoFilter(ApplicationFilterChain.java:209)
	at org.apache.catalina.core.ApplicationFilterChain.doFilter(ApplicationFilterChain.java:153)
	at org.apache.tomcat.websocket.server.WsFilter.doFilter(WsFilter.java:51)
	at org.apache.catalina.core.ApplicationFilterChain.internalDoFilter(ApplicationFilterChain.java:178)
	at org.apache.catalina.core.ApplicationFilterChain.doFilter(ApplicationFilterChain.java:153)
	at org.springframework.web.filter.RequestContextFilter.doFilterInternal(RequestContextFilter.java:100)
	at org.springframework.web.filter.OncePerRequestFilter.doFilter(OncePerRequestFilter.java:117)
	at org.apache.catalina.core.ApplicationFilterChain.internalDoFilter(ApplicationFilterChain.java:178)
	at org.apache.catalina.core.ApplicationFilterChain.doFilter(ApplicationFilterChain.java:153)
	at org.springframework.web.filter.FormContentFilter.doFilterInternal(FormContentFilter.java:93)
	at org.springframework.web.filter.OncePerRequestFilter.doFilter(OncePerRequestFilter.java:117)
	at org.apache.catalina.core.ApplicationFilterChain.internalDoFilter(ApplicationFilterChain.java:178)
	at org.apache.catalina.core.ApplicationFilterChain.doFilter(ApplicationFilterChain.java:153)
	at org.springframework.cloud.sleuth.instrument.web.servlet.TracingFilter.doFilter(TracingFilter.java:68)
	at org.springframework.cloud.sleuth.autoconfig.instrument.web.TraceWebServletConfiguration$LazyTracingFilter.doFilter(TraceWebServletConfiguration.java:131)
	at org.apache.catalina.core.ApplicationFilterChain.internalDoFilter(ApplicationFilterChain.java:178)
	at org.apache.catalina.core.ApplicationFilterChain.doFilter(ApplicationFilterChain.java:153)
	at org.springframework.boot.actuate.metrics.web.servlet.WebMvcMetricsFilter.doFilterInternal(WebMvcMetricsFilter.java:96)
	at org.springframework.web.filter.OncePerRequestFilter.doFilter(OncePerRequestFilter.java:117)
	at org.apache.catalina.core.ApplicationFilterChain.internalDoFilter(ApplicationFilterChain.java:178)
	at org.apache.catalina.core.ApplicationFilterChain.doFilter(ApplicationFilterChain.java:153)
	at org.springframework.web.filter.CharacterEncodingFilter.doFilterInternal(CharacterEncodingFilter.java:201)
	at org.springframework.web.filter.OncePerRequestFilter.doFilter(OncePerRequestFilter.java:117)
	at org.apache.catalina.core.ApplicationFilterChain.internalDoFilter(ApplicationFilterChain.java:178)
	at org.apache.catalina.core.ApplicationFilterChain.doFilter(ApplicationFilterChain.java:153)
	at org.apache.catalina.core.StandardWrapperValve.invoke(StandardWrapperValve.java:167)
	at org.apache.catalina.core.StandardContextValve.invoke(StandardContextValve.java:90)
	at org.apache.catalina.authenticator.AuthenticatorBase.invoke(AuthenticatorBase.java:481)
	at org.apache.catalina.core.StandardHostValve.invoke(StandardHostValve.java:130)
	at org.apache.catalina.valves.ErrorReportValve.invoke(ErrorReportValve.java:93)
	at org.apache.catalina.core.StandardEngineValve.invoke(StandardEngineValve.java:74)
	at org.springframework.cloud.sleuth.instrument.web.tomcat.TraceValve.invoke(TraceValve.java:103)
	at org.apache.catalina.connector.CoyoteAdapter.service(CoyoteAdapter.java:343)
	at org.apache.coyote.http11.Http11Processor.service(Http11Processor.java:389)
	at org.apache.coyote.AbstractProcessorLight.process(AbstractProcessorLight.java:63)
	at org.apache.coyote.AbstractProtocol$ConnectionHandler.process(AbstractProtocol.java:926)
	at org.apache.tomcat.util.net.NioEndpoint$SocketProcessor.doRun(NioEndpoint.java:1791)
	at org.apache.tomcat.util.net.SocketProcessorBase.run(SocketProcessorBase.java:52)
	at org.apache.tomcat.util.threads.ThreadPoolExecutor.runWorker(ThreadPoolExecutor.java:1191)
	at org.apache.tomcat.util.threads.ThreadPoolExecutor$Worker.run(ThreadPoolExecutor.java:659)
	at org.apache.tomcat.util.threads.TaskThread$WrappingRunnable.run(TaskThread.java:61)
	at java.base/java.lang.Thread.run(Thread.java:829)

2023-05-18 18:06:01.879+0000 [http-nio-9038-exec-3]  INFO [swag-home,766dbd8fca4a844f,766dbd8fca4a844f] 1 --- [com.example.swaghome.api.HomeAPI        ] : External Swag Artist API working
2023-05-18 18:09:23.455+0000 [AsyncResolver-bootstrap-executor-0]  INFO [swag-home,,] 1 --- [c.n.d.s.r.aws.ConfigClusterResolver     ] : Resolving eureka endpoints via configuration
2023-05-18 18:12:39.085+0000 [SpringApplicationShutdownHook]  INFO [swag-home,,] 1 --- [o.s.c.n.e.s.EurekaServiceRegistry       ] : Unregistering application SWAG-HOME with eureka with status DOWN
2023-05-18 18:12:39.086+0000 [SpringApplicationShutdownHook]  INFO [swag-home,,] 1 --- [com.netflix.discovery.DiscoveryClient   ] : Saw local status change event StatusChangeEvent [timestamp=1684433559086, current=DOWN, previous=UP]
2023-05-18 18:12:39.087+0000 [DiscoveryClient-InstanceInfoReplicator-0]  INFO [swag-home,,] 1 --- [com.netflix.discovery.DiscoveryClient   ] : DiscoveryClient_SWAG-HOME/c54635436f25:swag-home:9038: registering service...
2023-05-18 18:12:39.085+0000 [Thread-3]  INFO [swag-home,,] 1 --- [o.s.c.s.a.z.ZipkinAutoConfiguration     ] : Flushing remaining spans on shutdown
2023-05-18 18:12:39.106+0000 [DiscoveryClient-InstanceInfoReplicator-0]  INFO [swag-home,,] 1 --- [com.netflix.discovery.DiscoveryClient   ] : DiscoveryClient_SWAG-HOME/c54635436f25:swag-home:9038 - registration status: 204
2023-05-18 18:12:39.626+0000 [SpringApplicationShutdownHook]  INFO [swag-home,,] 1 --- [com.netflix.discovery.DiscoveryClient   ] : Shutting down DiscoveryClient ...
2023-05-18 18:12:42.630+0000 [SpringApplicationShutdownHook]  INFO [swag-home,,] 1 --- [com.netflix.discovery.DiscoveryClient   ] : Unregistering ...
2023-05-18 18:12:42.642+0000 [SpringApplicationShutdownHook]  INFO [swag-home,,] 1 --- [com.netflix.discovery.DiscoveryClient   ] : DiscoveryClient_SWAG-HOME/c54635436f25:swag-home:9038 - deregister  status: 200
2023-05-18 18:12:42.649+0000 [SpringApplicationShutdownHook]  INFO [swag-home,,] 1 --- [com.netflix.discovery.DiscoveryClient   ] : Completed shut down of DiscoveryClient
